# JRE version: OpenJDK Runtime Environment JBR-17.0.12+1-1087.25-jcef (17.0.12+1) (build 17.0.12+1-b1087.25)
# Java VM: OpenJDK 64-Bit Server VM JBR-17.0.12+1-1087.25-jcef (17.0.12+1-b1087.25, mixed mode, tiered, compressed oops, compressed class ptrs, g1 gc, windows-amd64)
GC Precious Log:
 CPUs: 8 total, 8 available
 Memory: 32603M
 Large Page Support: Disabled
 NUMA Support: Disabled
 Compressed Oops: Enabled (32-bit)
 Heap Region Size: 1M
 Heap Min Capacity: 8M
 Heap Initial Capacity: 510M
 Heap Max Capacity: 512M
 Pre-touch: Disabled
 Parallel Workers: 8
 Concurrent Workers: 2
 Concurrent Refinement Workers: 8
 Periodic GC: Disabled
Heap:
 garbage-first heap   total 17408K, used 4674K [0x00000000e0000000, 0x0000000100000000)
  region size 1024K, 1 young (1024K), 1 survivors (1024K)
 Metaspace       used 19786K, committed 19968K, reserved 1114112K
  class space    used 1836K, committed 1984K, reserved 1048576K
GC Heap History (20 events):
Event: 1949.280 GC heap after
{Heap after GC invocations=23 (full 8):
 garbage-first heap   total 20480K, used 4298K [0x00000000e0000000, 0x0000000100000000)
  region size 1024K, 0 young (0K), 0 survivors (0K)
 Metaspace       used 19659K, committed 19904K, reserved 1114112K
  class space    used 1828K, committed 1984K, reserved 1048576K
}
Event: 5260.447 GC heap before
{Heap before GC invocations=23 (full 8):
 garbage-first heap   total 20480K, used 15562K [0x00000000e0000000, 0x0000000100000000)
  region size 1024K, 10 young (10240K), 0 survivors (0K)
 Metaspace       used 19665K, committed 19904K, reserved 1114112K
  class space    used 1828K, committed 1984K, reserved 1048576K
}
Event: 5260.448 GC heap after
{Heap after GC invocations=24 (full 8):
 garbage-first heap   total 20480K, used 4611K [0x00000000e0000000, 0x0000000100000000)
  region size 1024K, 1 young (1024K), 1 survivors (1024K)
 Metaspace       used 19665K, committed 19904K, reserved 1114112K
  class space    used 1828K, committed 1984K, reserved 1048576K
}
Event: 5260.465 GC heap before
{Heap before GC invocations=24 (full 8):
 garbage-first heap   total 20480K, used 12803K [0x00000000e0000000, 0x0000000100000000)
  region size 1024K, 10 young (10240K), 1 survivors (1024K)
 Metaspace       used 19665K, committed 19904K, reserved 1114112K
  class space    used 1828K, committed 1984K, reserved 1048576K
}
Event: 5260.465 GC heap after
{Heap after GC invocations=25 (full 8):
 garbage-first heap   total 20480K, used 4636K [0x00000000e0000000, 0x0000000100000000)
  region size 1024K, 1 young (1024K), 1 survivors (1024K)
 Metaspace       used 19665K, committed 19904K, reserved 1114112K
  class space    used 1828K, committed 1984K, reserved 1048576K
}
Event: 5260.471 GC heap before
{Heap before GC invocations=25 (full 8):
 garbage-first heap   total 20480K, used 6684K [0x00000000e0000000, 0x0000000100000000)
  region size 1024K, 4 young (4096K), 1 survivors (1024K)
 Metaspace       used 19667K, committed 19904K, reserved 1114112K
  class space    used 1828K, committed 1984K, reserved 1048576K
}
Event: 5260.478 GC heap after
{Heap after GC invocations=26 (full 9):
 garbage-first heap   total 17408K, used 4237K [0x00000000e0000000, 0x0000000100000000)
  region size 1024K, 0 young (0K), 0 survivors (0K)
 Metaspace       used 19667K, committed 19904K, reserved 1114112K
  class space    used 1828K, committed 1984K, reserved 1048576K
}
Event: 5302.342 GC heap before
{Heap before GC invocations=26 (full 9):
 garbage-first heap   total 17408K, used 13453K [0x00000000e0000000, 0x0000000100000000)
  region size 1024K, 9 young (9216K), 0 survivors (0K)
 Metaspace       used 19675K, committed 19904K, reserved 1114112K
  class space    used 1828K, committed 1984K, reserved 1048576K
}
Event: 5302.343 GC heap after
{Heap after GC invocations=27 (full 9):
 garbage-first heap   total 17408K, used 4672K [0x00000000e0000000, 0x0000000100000000)
  region size 1024K, 1 young (1024K), 1 survivors (1024K)
 Metaspace       used 19675K, committed 19904K, reserved 1114112K
  class space    used 1828K, committed 1984K, reserved 1048576K
}
Event: 5302.358 GC heap before
{Heap before GC invocations=27 (full 9):
 garbage-first heap   total 17408K, used 11840K [0x00000000e0000000, 0x0000000100000000)
  region size 1024K, 9 young (9216K), 1 survivors (1024K)
 Metaspace       used 19675K, committed 19904K, reserved 1114112K
  class space    used 1828K, committed 1984K, reserved 1048576K
}
Event: 5302.358 GC heap after
{Heap after GC invocations=28 (full 9):
 garbage-first heap   total 17408K, used 4641K [0x00000000e0000000, 0x0000000100000000)
  region size 1024K, 1 young (1024K), 1 survivors (1024K)
 Metaspace       used 19675K, committed 19904K, reserved 1114112K
  class space    used 1828K, committed 1984K, reserved 1048576K
}
Event: 5302.368 GC heap before
{Heap before GC invocations=28 (full 9):
 garbage-first heap   total 17408K, used 7713K [0x00000000e0000000, 0x0000000100000000)
  region size 1024K, 6 young (6144K), 1 survivors (1024K)
 Metaspace       used 19676K, committed 19904K, reserved 1114112K
  class space    used 1828K, committed 1984K, reserved 1048576K
}
Event: 5302.381 GC heap after
{Heap after GC invocations=29 (full 10):
 garbage-first heap   total 17408K, used 4343K [0x00000000e0000000, 0x0000000100000000)
  region size 1024K, 0 young (0K), 0 survivors (0K)
 Metaspace       used 19676K, committed 19904K, reserved 1114112K
  class space    used 1828K, committed 1984K, reserved 1048576K
}
Event: 5704.785 GC heap before
{Heap before GC invocations=29 (full 10):
 garbage-first heap   total 17408K, used 13559K [0x00000000e0000000, 0x0000000100000000)
  region size 1024K, 9 young (9216K), 0 survivors (0K)
 Metaspace       used 19692K, committed 19904K, reserved 1114112K
  class space    used 1828K, committed 1984K, reserved 1048576K
}
Event: 5704.786 GC heap after
{Heap after GC invocations=30 (full 10):
 garbage-first heap   total 17408K, used 4637K [0x00000000e0000000, 0x0000000100000000)
  region size 1024K, 1 young (1024K), 1 survivors (1024K)
 Metaspace       used 19692K, committed 19904K, reserved 1114112K
  class space    used 1828K, committed 1984K, reserved 1048576K
}
Event: 5704.798 GC heap before
{Heap before GC invocations=30 (full 10):
 garbage-first heap   total 17408K, used 11805K [0x00000000e0000000, 0x0000000100000000)
  region size 1024K, 9 young (9216K), 1 survivors (1024K)
 Metaspace       used 19692K, committed 19904K, reserved 1114112K
  class space    used 1828K, committed 1984K, reserved 1048576K
}
Event: 5704.799 GC heap after
{Heap after GC invocations=31 (full 10):
 garbage-first heap   total 17408K, used 4661K [0x00000000e0000000, 0x0000000100000000)
  region size 1024K, 1 young (1024K), 1 survivors (1024K)
 Metaspace       used 19692K, committed 19904K, reserved 1114112K
  class space    used 1828K, committed 1984K, reserved 1048576K
}
Event: 5704.808 GC heap before
{Heap before GC invocations=31 (full 10):
 garbage-first heap   total 17408K, used 7733K [0x00000000e0000000, 0x0000000100000000)
  region size 1024K, 6 young (6144K), 1 survivors (1024K)
 Metaspace       used 19693K, committed 19904K, reserved 1114112K
  class space    used 1828K, committed 1984K, reserved 1048576K
}
Event: 5704.819 GC heap after
{Heap after GC invocations=32 (full 11):
 garbage-first heap   total 17408K, used 4368K [0x00000000e0000000, 0x0000000100000000)
  region size 1024K, 0 young (0K), 0 survivors (0K)
 Metaspace       used 19693K, committed 19904K, reserved 1114112K
  class space    used 1828K, committed 1984K, reserved 1048576K
}
Event: 5746.411 GC heap before
{Heap before GC invocations=32 (full 11):
 garbage-first heap   total 17408K, used 13584K [0x00000000e0000000, 0x0000000100000000)
  region size 1024K, 9 young (9216K), 0 survivors (0K)
 Metaspace       used 19786K, committed 19968K, reserved 1114112K
  class space    used 1836K, committed 1984K, reserved 1048576K
}

